<?xml version="1.0" encoding="UTF-8"?>
<!-- Generated by org.testng.reporters.JUnitReportReporter -->
<testsuite skipped="0" hostname="user-PC" name="com.NaukriTestCases.TestCase3" tests="5" failures="0" timestamp="25 Mar 2018 20:00:05 GMT" time="82.865" errors="0">
  <testcase name="VerifyProfile" time="28.843" classname="com.NaukriTestCases.TestCase3"/>
  <testcase name="UpdateDomine" time="4.728" classname="com.NaukriTestCases.TestCase3"/>
  <testcase name="AutoComplete" time="13.794" classname="com.NaukriTestCases.TestCase3"/>
  <testcase name="UploadCV" time="28.017" classname="com.NaukriTestCases.TestCase3"/>
  <testcase name="LogOut" time="7.483" classname="com.NaukriTestCases.TestCase3"/>
</testsuite> <!-- com.NaukriTestCases.TestCase3 -->
