<?xml version="1.0" encoding="UTF-8"?>
<!-- Generated by org.testng.reporters.JUnitReportReporter -->
<testsuite skipped="0" hostname="user-PC" name="com.NaukriTestCases.FreeCRMApp" tests="1" failures="0" timestamp="25 Mar 2018 10:09:29 GMT" time="11.430" errors="0">
  <testcase name="login" time="11.430" classname="com.NaukriTestCases.FreeCRMApp"/>
</testsuite> <!-- com.NaukriTestCases.FreeCRMApp -->
