<?xml version="1.0" encoding="UTF-8"?>
<!-- Generated by org.testng.reporters.JUnitReportReporter -->
<testsuite skipped="0" hostname="user-PC" name="com.PageElements.Test1" tests="2" failures="0" timestamp="07 Mar 2018 18:04:25 GMT" time="0.015" errors="0">
  <testcase name="Arun" time="0.000" classname="com.PageElements.Test1"/>
  <testcase name="Ustull" time="0.015" classname="com.PageElements.Test1"/>
</testsuite> <!-- com.PageElements.Test1 -->
