<?xml version="1.0" encoding="UTF-8"?>
<!-- Generated by org.testng.reporters.JUnitReportReporter -->
<testsuite skipped="0" hostname="user-PC" name="com.TestCases.DummyTest" tests="1" failures="0" timestamp="07 Mar 2018 12:08:01 GMT" time="19.658" errors="0">
  <testcase name="Dummy" time="19.658" classname="com.TestCases.DummyTest"/>
</testsuite> <!-- com.TestCases.DummyTest -->
