<?xml version="1.0" encoding="UTF-8"?>
<!-- Generated by org.testng.reporters.JUnitReportReporter -->
<testsuite skipped="0" hostname="user-PC" name="com.TestCases.DummyTestcase" tests="1" failures="0" timestamp="07 Mar 2018 14:04:04 GMT" time="112.306" errors="0">
  <testcase name="Dummy" time="112.306" classname="com.TestCases.DummyTestcase"/>
</testsuite> <!-- com.TestCases.DummyTestcase -->
