<?xml version="1.0" encoding="UTF-8"?>
<!-- Generated by org.testng.reporters.JUnitReportReporter -->
<testsuite skipped="0" hostname="user-PC" name="com.NaukriTestCases.TestCase2" tests="5" failures="0" timestamp="25 Mar 2018 20:00:05 GMT" time="83.779" errors="0">
  <testcase name="VerifyProfile" time="29.333" classname="com.NaukriTestCases.TestCase2"/>
  <testcase name="UpdateDomine" time="3.393" classname="com.NaukriTestCases.TestCase2"/>
  <testcase name="AutoComplete" time="14.062" classname="com.NaukriTestCases.TestCase2"/>
  <testcase name="UploadCV" time="27.717" classname="com.NaukriTestCases.TestCase2"/>
  <testcase name="LogOut" time="9.274" classname="com.NaukriTestCases.TestCase2"/>
</testsuite> <!-- com.NaukriTestCases.TestCase2 -->
