<?xml version="1.0" encoding="UTF-8"?>
<!-- Generated by org.testng.reporters.JUnitReportReporter -->
<testsuite skipped="0" hostname="user-PC" name="com.Main.Main" tests="1" failures="0" timestamp="07 Mar 2018 15:05:43 GMT" time="0.016" errors="0">
  <testcase name="Mymain" time="0.016" classname="com.Main.Main"/>
</testsuite> <!-- com.Main.Main -->
