<?xml version="1.0" encoding="UTF-8"?>
<!-- Generated by org.testng.reporters.JUnitReportReporter -->
<testsuite skipped="0" hostname="user-PC" name="com.SimplePjt.Dummy" tests="1" failures="0" timestamp="05 Mar 2018 11:13:02 GMT" time="10.765" errors="0">
  <testcase name="abcd" time="10.765" classname="com.SimplePjt.Dummy"/>
</testsuite> <!-- com.SimplePjt.Dummy -->
