<?xml version="1.0" encoding="UTF-8"?>
<!-- Generated by org.testng.reporters.JUnitReportReporter -->
<testsuite skipped="0" hostname="user-PC" name="com.TestCases.ArunTestCases" tests="5" failures="0" timestamp="08 Mar 2018 20:08:01 GMT" time="0.000" errors="0">
  <testcase name="Arun1" time="0.000" classname="com.TestCases.ArunTestCases"/>
  <testcase name="Arun2" time="0.000" classname="com.TestCases.ArunTestCases"/>
  <testcase name="Arun3" time="0.000" classname="com.TestCases.ArunTestCases"/>
  <testcase name="Arun4" time="0.000" classname="com.TestCases.ArunTestCases"/>
  <testcase name="Arun5" time="0.000" classname="com.TestCases.ArunTestCases"/>
</testsuite> <!-- com.TestCases.ArunTestCases -->
