<?xml version="1.0" encoding="UTF-8"?>
<!-- Generated by org.testng.reporters.JUnitReportReporter -->
<testsuite skipped="0" hostname="user-PC" name="com.Main.DummyDriver" tests="5" failures="0" timestamp="08 Mar 2018 20:13:25 GMT" time="0.031" errors="0">
  <testcase name="Arun1" time="0.000" classname="com.Main.DummyDriver"/>
  <testcase name="Arun2" time="0.000" classname="com.Main.DummyDriver"/>
  <testcase name="Arun3" time="0.000" classname="com.Main.DummyDriver"/>
  <testcase name="Arun4" time="0.015" classname="com.Main.DummyDriver"/>
  <testcase name="Arun5" time="0.016" classname="com.Main.DummyDriver"/>
</testsuite> <!-- com.Main.DummyDriver -->
