<?xml version="1.0" encoding="UTF-8"?>
<!-- Generated by org.testng.reporters.JUnitReportReporter -->
<testsuite skipped="5" hostname="user-PC" name="com.NaukriTestCases.TestCase4" tests="5" failures="0" timestamp="10 Mar 2018 16:40:19 GMT" time="0.000" errors="0">
  <testcase name="VerifyProfile" time="0.000" classname="com.NaukriTestCases.TestCase4">
    <skipped/>
  </testcase> <!-- VerifyProfile -->
  <testcase name="UpdateDomine" time="0.000" classname="com.NaukriTestCases.TestCase4">
    <skipped/>
  </testcase> <!-- UpdateDomine -->
  <testcase name="AutoComplete" time="0.000" classname="com.NaukriTestCases.TestCase4">
    <skipped/>
  </testcase> <!-- AutoComplete -->
  <testcase name="UploadCV" time="0.000" classname="com.NaukriTestCases.TestCase4">
    <skipped/>
  </testcase> <!-- UploadCV -->
  <testcase name="LogOut" time="0.000" classname="com.NaukriTestCases.TestCase4">
    <skipped/>
  </testcase> <!-- LogOut -->
</testsuite> <!-- com.NaukriTestCases.TestCase4 -->
